<?xml version="1.0" encoding="UTF-8"?>
<testsuite xmlns:xsi="http://www.w3.org/2001/XMLSchema-instance" xsi:noNamespaceSchemaLocation="https://maven.apache.org/surefire/maven-surefire-plugin/xsd/surefire-test-report-3.0.xsd" version="3.0" name="com.cognizant.ormlearn.OrmLearnApplicationTests" time="29.045" tests="1" errors="0" skipped="0" failures="0">
  <properties>
[...]
</properties>
  <testcase name="contextLoads" classname="com.cognizant.ormlearn.OrmLearnApplicationTests" time="3.645">
    <system-out><![CDATA[15:43:52.618 [main] INFO org.springframework.test.context.support.AnnotationConfigContextLoaderUtils -- Could not detect default configuration classes for test class [com.cognizant.ormlearn.OrmLearnApplicationTests]: OrmLearnApplicationTests does not declare any static, non-private, non-final, nested classes annotated with @Configuration.
15:43:53.587 [main] INFO org.springframework.boot.test.context.SpringBootTestContextBootstrapper -- Found @SpringBootConfiguration com.cognizant.ormlearn.OrmLearnApplication for test class com.cognizant.ormlearn.OrmLearnApplicationTests
15:43:55.013 [main] INFO org.springframework.boot.devtools.restart.RestartApplicationListener -- Restart disabled due to context in which it is running

  .   ____          _            __ _ _
 /\\ / ___'_ __ _ _(_)_ __  __ _ \ \ \ \
( ( )\___ | '_ | '_| | '_ \/ _` | \ \ \ \
 \\/  ___)| |_)| | | | | || (_| |  ) ) ) )
  '  |____| .__|_| |_|_| |_\__, | / / / /
 =========|_|==============|___/=/_/_/_/
 :: Spring Boot ::                (v3.2.5)

04-07-25 15:43:57.220 main                  INFO .OrmLearnApplicationTests               logStarting   50 Starting OrmLearnApplicationTests using Java 22.0.2 with PID 9052 (started by ELCOT in C:\Week 3\Spring Data JPA with Spring Boot, Hibernate\Exercise 1 - Spring Data JPA\orm-learn\orm-learn)
04-07-25 15:43:57.235 main                 DEBUG .OrmLearnApplicationTests               logStarting   51 Running with Spring Boot v3.2.5, Spring v6.1.6
04-07-25 15:43:57.235 main                  INFO .OrmLearnApplicationTests     logStartupProfileInfo  654 No active profile set, falling back to 1 default profile: "default"
04-07-25 15:44:00.147 main                  INFO toryConfigurationDelegate    registerRepositoriesIn  143 Bootstrapping Spring Data JPA repositories in DEFAULT mode.
04-07-25 15:44:00.554 main                  INFO toryConfigurationDelegate    registerRepositoriesIn  211 Finished Spring Data repository scanning in 349 ms. Found 1 JPA repository interface.
04-07-25 15:44:03.525 main                  INFO o.h.j.i.util.LogHelper    logPersistenceUnitInformation   31 HHH000204: Processing PersistenceUnitInfo [name: default]
04-07-25 15:44:03.932 main                  INFO org.hibernate.Version                    logVersion   44 HHH000412: Hibernate ORM core version 6.4.4.Final
04-07-25 15:44:04.104 main                  INFO .i.RegionFactoryInitiator           initiateService   50 HHH000026: Second-level cache disabled
04-07-25 15:44:05.666 main                  INFO SpringPersistenceUnitInfo            addTransformer   87 No LoadTimeWeaver setup: ignoring JPA class transformer
04-07-25 15:44:05.901 main                  INFO c.z.h.HikariDataSource                getConnection  110 HikariPool-1 - Starting...
04-07-25 15:44:08.410 main                  INFO c.z.h.pool.HikariPool                 checkFailFast  565 HikariPool-1 - Added connection com.mysql.cj.jdbc.ConnectionImpl@621624b1
04-07-25 15:44:08.418 main                  INFO c.z.h.HikariDataSource                getConnection  123 HikariPool-1 - Start completed.
04-07-25 15:44:09.406 main                  WARN o.h.orm.deprecation                constructDialect  153 HHH90000025: MySQLDialect does not need to be specified explicitly using 'hibernate.dialect' (remove the property setting and it will be selected by default)
04-07-25 15:44:09.844 main                 DEBUG h.t.d.s.s.DdlTypeRegistry             addDescriptor   64 addDescriptor(12, org.hibernate.type.descriptor.sql.internal.CapacityDependentDdlType@2fac80a8) replaced previous registration(org.hibernate.type.descriptor.sql.internal.CapacityDependentDdlType@6987a133)
04-07-25 15:44:09.845 main                 DEBUG h.t.d.s.s.DdlTypeRegistry             addDescriptor   64 addDescriptor(-9, org.hibernate.type.descriptor.sql.internal.CapacityDependentDdlType@50778bde) replaced previous registration(org.hibernate.type.descriptor.sql.internal.CapacityDependentDdlType@1934339)
04-07-25 15:44:09.848 main                 DEBUG h.t.d.s.s.DdlTypeRegistry             addDescriptor   64 addDescriptor(-3, org.hibernate.type.descriptor.sql.internal.CapacityDependentDdlType@4af12a63) replaced previous registration(org.hibernate.type.descriptor.sql.internal.CapacityDependentDdlType@1eab8437)
04-07-25 15:44:09.849 main                 DEBUG h.t.d.s.s.DdlTypeRegistry             addDescriptor   64 addDescriptor(4003, org.hibernate.type.descriptor.sql.internal.DdlTypeImpl@72eed547) replaced previous registration(org.hibernate.type.descriptor.sql.internal.DdlTypeImpl@69ffdaa8)
04-07-25 15:44:09.850 main                 DEBUG h.t.d.s.s.DdlTypeRegistry             addDescriptor   64 addDescriptor(4001, org.hibernate.type.descriptor.sql.internal.DdlTypeImpl@2a1e57c6) replaced previous registration(org.hibernate.type.descriptor.sql.internal.DdlTypeImpl@68d6f48e)
04-07-25 15:44:09.852 main                 DEBUG h.t.d.s.s.DdlTypeRegistry             addDescriptor   64 addDescriptor(4002, org.hibernate.type.descriptor.sql.internal.DdlTypeImpl@6c96403e) replaced previous registration(org.hibernate.type.descriptor.sql.internal.DdlTypeImpl@7babed9e)
04-07-25 15:44:09.853 main                 DEBUG h.t.d.s.s.DdlTypeRegistry             addDescriptor   64 addDescriptor(2004, org.hibernate.type.descriptor.sql.internal.CapacityDependentDdlType@2353354a) replaced previous registration(org.hibernate.type.descriptor.sql.internal.DdlTypeImpl@7c7ed72a)
04-07-25 15:44:09.854 main                 DEBUG h.t.d.s.s.DdlTypeRegistry             addDescriptor   64 addDescriptor(2005, org.hibernate.type.descriptor.sql.internal.CapacityDependentDdlType@22b7ef2b) replaced previous registration(org.hibernate.type.descriptor.sql.internal.DdlTypeImpl@6d421fe)
04-07-25 15:44:09.856 main                 DEBUG h.t.d.s.s.DdlTypeRegistry             addDescriptor   64 addDescriptor(2011, org.hibernate.type.descriptor.sql.internal.CapacityDependentDdlType@3c17bd0b) replaced previous registration(org.hibernate.type.descriptor.sql.internal.DdlTypeImpl@36dafa24)
04-07-25 15:44:14.250 main                  INFO .p.i.JtaPlatformInitiator           initiateService   58 HHH000489: No JTA platform available (set 'hibernate.transaction.jta.platform' to enable JTA platform integration)
04-07-25 15:44:14.391 main                  INFO rEntityManagerFactoryBean buildNativeEntityManagerFactory  437 Initialized JPA EntityManagerFactory for persistence unit 'default'
04-07-25 15:44:16.674 main                  INFO .OrmLearnApplicationTests                logStarted   56 Started OrmLearnApplicationTests in 21.77 seconds (process running for 29.597)
]]></system-out>
    <system-err><![CDATA[WARNING: A Java agent has been loaded dynamically (C:\Users\ELCOT\.m2\repository\net\bytebuddy\byte-buddy-agent\1.14.13\byte-buddy-agent-1.14.13.jar)
WARNING: If a serviceability tool is in use, please run with -XX:+EnableDynamicAgentLoading to hide this warning
WARNING: If a serviceability tool is not in use, please run with -Djdk.instrument.traceUsage for more information
WARNING: Dynamic loading of agents will be disallowed by default in a future release
]]></system-err>
  </testcase>
</testsuite>